<?xml version="1.0" encoding="UTF-8"?>
<!-- Generated by org.testng.reporters.JUnitXMLReporter -->
<testsuite hostname="DESKTOP-FID49DI" ignored="0" name="Default test" tests="6" failures="0" timestamp="30 Jun 2021 15:53:39 GMT" time="8.487" errors="0">
  <testcase name="negative_NoInput" time="0.199" classname="com.tests.SauceDemoUI_Test"/>
  <testcase name="negative_onlyUname_input" time="0.253" classname="com.tests.SauceDemoUI_Test"/>
  <testcase name="negative_Uname_input_OnlyCharas" time="0.262" classname="com.tests.SauceDemoUI_Test"/>
  <testcase name="negative_Uname_input_OnlySpl_Chars" time="0.209" classname="com.tests.SauceDemoUI_Test"/>
  <testcase name="negative_Uname_input_Only_Numericals" time="0.233" classname="com.tests.SauceDemoUI_Test"/>
  <testcase name="negativeTest_Username_input_Numericals_and_SpecialChars" time="0.226" classname="com.tests.SauceDemoUI_Test"/>
</testsuite> <!-- Default test -->
